\BOOKMARK [1][-]{section.1}{\376\377\000E\000i\000n\000l\000e\000i\000t\000u\000n\000g}{}% 1
\BOOKMARK [1][-]{section.2}{\376\377\000A\000n\000f\000o\000r\000d\000e\000r\000u\000n\000g\000s\000d\000e\000f\000i\000n\000i\000t\000i\000o\000n}{}% 2
\BOOKMARK [2][-]{subsubsection.2.0.1}{\376\377\000F\000u\000n\000k\000t\000i\000o\000n\000a\000l\000e\000\040\000A\000n\000f\000o\000r\000d\000e\000r\000u\000n\000g\000e\000n}{section.2}% 3
\BOOKMARK [3][-]{subsubsection.2.0.2}{\376\377\000N\000i\000c\000h\000t\000-\000f\000u\000n\000k\000t\000i\000o\000n\000a\000l\000e\000\040\000A\000n\000f\000o\000r\000d\000e\000r\000u\000n\000g\000e\000n}{subsubsection.2.0.1}% 4
\BOOKMARK [1][-]{section.3}{\376\377\000E\000n\000t\000w\000i\000c\000k\000l\000u\000n\000g\000s\000p\000r\000o\000z\000e\000s\000s}{}% 5
\BOOKMARK [2][-]{subsection.3.1}{\376\377\000K\000o\000n\000z\000e\000p\000t\000i\000o\000n}{section.3}% 6
\BOOKMARK [2][-]{subsection.3.2}{\376\377\000I\000t\000e\000r\000a\000t\000i\000v\000e\000\040\000E\000n\000t\000w\000i\000c\000k\000l\000u\000n\000g}{section.3}% 7
\BOOKMARK [2][-]{subsection.3.3}{\376\377\000P\000r\000a\000k\000t\000i\000s\000c\000h\000e\000\040\000H\000e\000r\000a\000u\000s\000f\000o\000r\000d\000e\000r\000u\000n\000g\000e\000n}{section.3}% 8
\BOOKMARK [1][-]{section.4}{\376\377\000P\000r\000o\000d\000u\000k\000t\000b\000e\000s\000c\000h\000r\000e\000i\000b\000u\000n\000g}{}% 9
\BOOKMARK [2][-]{subsection.4.1}{\376\377\000K\000e\000r\000n\000f\000u\000n\000k\000t\000i\000o\000n\000e\000n}{section.4}% 10
\BOOKMARK [2][-]{subsection.4.2}{\376\377\000S\000o\000f\000t\000w\000a\000r\000e\000a\000r\000c\000h\000i\000t\000e\000k\000t\000u\000r}{section.4}% 11
\BOOKMARK [3][-]{subsubsection.4.2.1}{\376\377\000\050\0001\000\051\000\040\000A\000k\000t\000i\000v\000i\000e\000r\000u\000n\000g\000\040\000d\000e\000s\000\040\000S\000y\000s\000t\000e\000m\000s}{subsection.4.2}% 12
\BOOKMARK [3][-]{subsubsection.4.2.2}{\376\377\000\050\0002\000\051\000\040\000S\000p\000r\000a\000c\000h\000e\000r\000k\000e\000n\000n\000u\000n\000g\000\040\000\050\000S\000T\000T\000\051}{subsection.4.2}% 13
\BOOKMARK [3][-]{subsubsection.4.2.3}{\376\377\000\050\0003\000\051\000\040\000L\000L\000M\000-\000V\000e\000r\000a\000r\000b\000e\000i\000t\000u\000n\000g}{subsection.4.2}% 14
\BOOKMARK [3][-]{subsubsection.4.2.4}{\376\377\000\050\0004\000\051\000\040\000S\000p\000r\000a\000c\000h\000a\000u\000s\000g\000a\000b\000e\000\040\000\050\000T\000T\000S\000\051}{subsection.4.2}% 15
\BOOKMARK [2][-]{subsection.4.3}{\376\377\000H\000a\000r\000d\000w\000a\000r\000e\000a\000u\000f\000b\000a\000u}{section.4}% 16
\BOOKMARK [1][-]{section.5}{\376\377\000B\000e\000g\000r\000\374\000n\000d\000u\000n\000g\000\040\000z\000e\000n\000t\000r\000a\000l\000e\000r\000\040\000E\000n\000t\000w\000i\000c\000k\000l\000u\000n\000g\000s\000e\000n\000t\000s\000c\000h\000e\000i\000d\000u\000n\000g\000e\000n}{}% 17
\BOOKMARK [2][-]{subsection.5.1}{\376\377\000P\000h\000y\000s\000i\000s\000c\000h\000e\000r\000\040\000C\000o\000m\000p\000a\000n\000i\000o\000n\000\040\000s\000t\000a\000t\000t\000\040\000r\000e\000i\000n\000e\000r\000\040\000S\000o\000f\000t\000w\000a\000r\000e\000a\000s\000s\000i\000s\000t\000e\000n\000t}{section.5}% 18
\BOOKMARK [2][-]{subsection.5.2}{\376\377\000M\000o\000d\000u\000l\000a\000r\000\040\000e\000r\000w\000e\000i\000t\000e\000r\000b\000a\000r\000e\000\040\000P\000l\000u\000g\000i\000n\000-\000S\000t\000r\000u\000k\000t\000u\000r}{section.5}% 19
\BOOKMARK [2][-]{subsection.5.3}{\376\377\000R\000a\000s\000p\000b\000e\000r\000r\000y\000\040\000P\000i\000\040\000a\000l\000s\000\040\000z\000e\000n\000t\000r\000a\000l\000e\000\040\000R\000e\000c\000h\000e\000n\000e\000i\000n\000h\000e\000i\000t}{section.5}% 20
\BOOKMARK [2][-]{subsection.5.4}{\376\377\000W\000a\000k\000e\000w\000o\000r\000d\000-\000\040\000u\000n\000d\000\040\000S\000p\000r\000a\000c\000h\000s\000t\000e\000u\000e\000r\000u\000n\000g}{section.5}% 21
\BOOKMARK [2][-]{subsection.5.5}{\376\377\000V\000i\000s\000u\000e\000l\000l\000e\000\040\000P\000e\000r\000s\000o\000n\000a}{section.5}% 22
\BOOKMARK [2][-]{subsection.5.6}{\376\377\000K\000o\000m\000p\000a\000k\000t\000e\000s\000\040\000i\000n\000t\000e\000g\000r\000i\000e\000r\000t\000e\000s\000\040\000D\000i\000s\000p\000l\000a\000y}{section.5}% 23
\BOOKMARK [1][-]{section.6}{\376\377\000E\000r\000g\000e\000b\000n\000i\000s\000\040\000u\000n\000d\000\040\000k\000r\000i\000t\000i\000s\000c\000h\000e\000\040\000E\000i\000n\000o\000r\000d\000n\000u\000n\000g}{}% 24
